  tile.cpp
  sql.cpp
  sprite.cpp
  npc.cpp
  file_reading_operators.cpp
  button_actions.cpp
  background.cpp
  ability.cpp
  Generating Code...
  sqlite3.c
c:\program files (x86)\windows kits\8.1\include\um\winnt.h(5067): error C2220: warning treated as error - no 'object' file generated
c:\program files (x86)\windows kits\8.1\include\um\winnt.h(5067): warning C4224: nonstandard extension used: formal parameter 'Index' was previously defined as a type
c:\program files (x86)\windows kits\8.1\include\um\winnt.h(5074): warning C4224: nonstandard extension used: formal parameter 'Index' was previously defined as a type
c:\program files (x86)\windows kits\8.1\include\um\winnt.h(11527): error C2467: illegal declaration of anonymous 'struct'
c:\program files (x86)\windows kits\8.1\include\um\winnt.h(11528): error C2467: illegal declaration of anonymous 'union'
c:\program files (x86)\windows kits\8.1\include\um\winnt.h(11538): error C2467: illegal declaration of anonymous 'struct'
c:\program files (x86)\windows kits\8.1\include\um\winnt.h(11539): error C2467: illegal declaration of anonymous 'union'
c:\program files (x86)\windows kits\8.1\include\um\winnt.h(11550): error C2467: illegal declaration of anonymous 'struct'
c:\program files (x86)\windows kits\8.1\include\um\winnt.h(11551): error C2467: illegal declaration of anonymous 'union'
c:\program files (x86)\windows kits\8.1\include\um\winnt.h(11560): error C2467: illegal declaration of anonymous 'struct'
c:\program files (x86)\windows kits\8.1\include\um\winnt.h(11561): error C2467: illegal declaration of anonymous 'union'
c:\program files (x86)\windows kits\8.1\include\um\winnt.h(11570): error C2467: illegal declaration of anonymous 'struct'
c:\program files (x86)\windows kits\8.1\include\um\winnt.h(11571): error C2467: illegal declaration of anonymous 'union'
c:\program files (x86)\windows kits\8.1\include\um\winnt.h(11580): error C2467: illegal declaration of anonymous 'struct'
c:\program files (x86)\windows kits\8.1\include\um\winnt.h(11581): error C2467: illegal declaration of anonymous 'union'
c:\program files (x86)\windows kits\8.1\include\um\winnt.h(11591): error C2467: illegal declaration of anonymous 'struct'
c:\program files (x86)\windows kits\8.1\include\um\winnt.h(11592): error C2467: illegal declaration of anonymous 'union'
c:\program files (x86)\windows kits\8.1\include\um\winnt.h(11710): error C2467: illegal declaration of anonymous 'union'
c:\program files (x86)\windows kits\8.1\include\um\winnt.h(15650): error C2467: illegal declaration of anonymous 'struct'
c:\program files (x86)\windows kits\8.1\include\um\winnt.h(16307): error C2467: illegal declaration of anonymous 'struct'
c:\program files (x86)\windows kits\8.1\include\um\winnt.h(18389): error C2133: 'Elements': unknown size
c:\program files (x86)\windows kits\8.1\include\um\processthreadsapi.h(616): warning C4224: nonstandard extension used: formal parameter 'Token' was previously defined as a type
c:\program files (x86)\windows kits\8.1\include\um\securitybaseapi.h(541): warning C4224: nonstandard extension used: formal parameter 'Token' was previously defined as a type
c:\program files (x86)\windows kits\8.1\include\um\securitybaseapi.h(556): warning C4224: nonstandard extension used: formal parameter 'Token' was previously defined as a type
c:\program files (x86)\windows kits\8.1\include\um\securitybaseapi.h(572): warning C4224: nonstandard extension used: formal parameter 'Token' was previously defined as a type
c:\program files (x86)\windows kits\8.1\include\um\securitybaseapi.h(1197): warning C4224: nonstandard extension used: formal parameter 'Token' was previously defined as a type
c:\program files (x86)\windows kits\8.1\include\um\securitybaseapi.h(1210): warning C4224: nonstandard extension used: formal parameter 'Token' was previously defined as a type
c:\program files (x86)\windows kits\8.1\include\um\securityappcontainer.h(52): warning C4224: nonstandard extension used: formal parameter 'Token' was previously defined as a type
c:\program files (x86)\windows kits\8.1\include\um\wingdi.h(2203): error C2467: illegal declaration of anonymous 'struct'
c:\program files (x86)\windows kits\8.1\include\um\wingdi.h(2209): error C2467: illegal declaration of anonymous 'struct'
c:\program files (x86)\windows kits\8.1\include\um\wingdi.h(2210): error C2467: illegal declaration of anonymous 'union'
c:\program files (x86)\windows kits\8.1\include\um\wingdi.h(2224): error C2467: illegal declaration of anonymous 'union'
c:\program files (x86)\windows kits\8.1\include\um\wingdi.h(2257): error C2467: illegal declaration of anonymous 'struct'
c:\program files (x86)\windows kits\8.1\include\um\wingdi.h(2263): error C2467: illegal declaration of anonymous 'struct'
c:\program files (x86)\windows kits\8.1\include\um\wingdi.h(2264): error C2467: illegal declaration of anonymous 'union'
c:\program files (x86)\windows kits\8.1\include\um\wingdi.h(2278): error C2467: illegal declaration of anonymous 'union'
c:\program files (x86)\windows kits\8.1\include\um\wingdi.h(2809): warning C4309: 'initializing': truncation of constant value
c:\program files (x86)\windows kits\8.1\include\um\wingdi.h(2811): warning C4309: 'initializing': truncation of constant value
c:\program files (x86)\windows kits\8.1\include\um\wingdi.h(2821): warning C4309: 'initializing': truncation of constant value
c:\program files (x86)\windows kits\8.1\include\um\wingdi.h(2850): error C2467: illegal declaration of anonymous 'union'
c:\program files (x86)\windows kits\8.1\include\um\wingdi.h(2865): warning C4309: 'initializing': truncation of constant value
c:\program files (x86)\windows kits\8.1\include\um\wingdi.h(2874): warning C4309: 'initializing': truncation of constant value
c:\program files (x86)\windows kits\8.1\include\um\wingdi.h(2881): warning C4309: 'initializing': truncation of constant value
c:\program files (x86)\windows kits\8.1\include\um\wingdi.h(2891): warning C4309: 'initializing': truncation of constant value
c:\program files (x86)\windows kits\8.1\include\um\wingdi.h(2915): error C2467: illegal declaration of anonymous 'union'
c:\program files (x86)\windows kits\8.1\include\um\wingdi.h(2977): warning C4309: 'initializing': truncation of constant value
c:\program files (x86)\windows kits\8.1\include\um\wingdi.h(2989): warning C4309: 'initializing': truncation of constant value
c:\program files (x86)\windows kits\8.1\include\um\wingdi.h(3028): error C2467: illegal declaration of anonymous 'struct'
c:\program files (x86)\windows kits\8.1\include\um\wingdi.h(3030): error C2467: illegal declaration of anonymous 'union'
c:\program files (x86)\windows kits\8.1\include\um\wingdi.h(3073): error C2467: illegal declaration of anonymous 'struct'
c:\program files (x86)\windows kits\8.1\include\um\wingdi.h(3075): error C2467: illegal declaration of anonymous 'union'
c:\program files (x86)\windows kits\8.1\include\um\winuser.h(1089): error C2467: illegal declaration of anonymous 'struct'
c:\program files (x86)\windows kits\8.1\include\um\winuser.h(5835): error C2467: illegal declaration of anonymous 'union'
c:\program files (x86)\windows kits\8.1\include\um\winuser.h(6378): warning C4309: 'initializing': truncation of constant value
c:\program files (x86)\windows kits\8.1\include\um\winuser.h(6422): error C2467: illegal declaration of anonymous 'struct'
c:\program files (x86)\windows kits\8.1\include\um\winuser.h(6424): error C2467: illegal declaration of anonymous 'union'
c:\program files (x86)\windows kits\8.1\include\um\winuser.h(12936): error C2467: illegal declaration of anonymous 'struct'
c:\program files (x86)\windows kits\8.1\include\um\winuser.h(12941): error C2467: illegal declaration of anonymous 'struct'
c:\program files (x86)\windows kits\8.1\include\um\winuser.h(14156): error C2467: illegal declaration of anonymous 'struct'
c:\program files (x86)\windows kits\8.1\include\um\winuser.h(14157): error C2467: illegal declaration of anonymous 'union'
c:\program files (x86)\windows kits\8.1\include\um\winuser.h(14388): error C2467: illegal declaration of anonymous 'union'
c:\program files (x86)\windows kits\8.1\include\um\winuser.h(14547): warning C4309: 'initializing': truncation of constant value
c:\program files (x86)\windows kits\8.1\include\um\winuser.h(14575): warning C4309: 'initializing': truncation of constant value
c:\program files (x86)\windows kits\8.1\include\um\nb30.h(14): error C2059: syntax error: '/'
c:\program files (x86)\windows kits\8.1\include\um\nb30.h(305): error C2146: syntax error: missing ')' before identifier 'pncb'
c:\program files (x86)\windows kits\8.1\include\um\nb30.h(305): error C2061: syntax error: identifier 'pncb'
c:\program files (x86)\windows kits\8.1\include\um\nb30.h(305): error C2059: syntax error: ';'
c:\program files (x86)\windows kits\8.1\include\um\nb30.h(306): error C2059: syntax error: ')'
c:\program files (x86)\windows kits\8.1\include\shared\rpcdcep.h(505): warning C4224: nonstandard extension used: formal parameter 'KeyInfo' was previously defined as a type
c:\program files (x86)\windows kits\8.1\include\um\winioctl.h(1577): error C2467: illegal declaration of anonymous 'union'
c:\program files (x86)\windows kits\8.1\include\um\winioctl.h(5516): error C2467: illegal declaration of anonymous 'union'
c:\program files (x86)\windows kits\8.1\include\um\winioctl.h(7575): error C2133: 'Lev1Depends': unknown size
c:\program files (x86)\windows kits\8.1\include\um\winioctl.h(7576): error C2133: 'Lev2Depends': unknown size
c:\program files (x86)\windows kits\8.1\include\um\winioctl.h(7577): error C2467: illegal declaration of anonymous 'union'
c:\program files (x86)\windows kits\8.1\include\um\winioctl.h(7854): error C2467: illegal declaration of anonymous 'union'
c:\program files (x86)\windows kits\8.1\include\um\winioctl.h(7878): error C2467: illegal declaration of anonymous 'union'
c:\program files (x86)\windows kits\8.1\include\um\winscard.h(1103): error C2467: illegal declaration of anonymous 'union'
c:\program files (x86)\windows kits\8.1\include\um\objidlbase.h(7470): warning C4309: 'initializing': truncation of constant value
c:\program files (x86)\windows kits\8.1\include\um\objidlbase.h(7472): warning C4309: 'initializing': truncation of constant value
c:\program files (x86)\windows kits\8.1\include\um\urlmon.h(1320): warning C4309: 'initializing': truncation of constant value
c:\program files (x86)\windows kits\8.1\include\um\urlmon.h(1752): warning C4309: 'initializing': truncation of constant value
d:\documents-(d)\hbo-ict\jaar2\blok b\git\game_development\software\maingame\src\sqlite3.c(37988): error C2322: 'pCurrent': address of dllimport 'AreFileApisANSI' is not static
  c:\program files (x86)\windows kits\8.1\include\um\winbase.h(5820): note: see declaration of 'AreFileApisANSI'
d:\documents-(d)\hbo-ict\jaar2\blok b\git\game_development\software\maingame\src\sqlite3.c(38013): error C2322: 'pCurrent': address of dllimport 'CloseHandle' is not static
  c:\program files (x86)\windows kits\8.1\include\um\handleapi.h(50): note: see declaration of 'CloseHandle'
d:\documents-(d)\hbo-ict\jaar2\blok b\git\game_development\software\maingame\src\sqlite3.c(38018): error C2322: 'pCurrent': address of dllimport 'CreateFileA' is not static
  c:\program files (x86)\windows kits\8.1\include\um\fileapi.h(122): note: see declaration of 'CreateFileA'
d:\documents-(d)\hbo-ict\jaar2\blok b\git\game_development\software\maingame\src\sqlite3.c(38027): error C2322: 'pCurrent': address of dllimport 'CreateFileW' is not static
  c:\program files (x86)\windows kits\8.1\include\um\fileapi.h(135): note: see declaration of 'CreateFileW'
d:\documents-(d)\hbo-ict\jaar2\blok b\git\game_development\software\maingame\src\sqlite3.c(38038): error C2322: 'pCurrent': address of dllimport 'CreateFileMappingA' is not static
  c:\program files (x86)\windows kits\8.1\include\um\winbase.h(3116): note: see declaration of 'CreateFileMappingA'
d:\documents-(d)\hbo-ict\jaar2\blok b\git\game_development\software\maingame\src\sqlite3.c(38048): error C2322: 'pCurrent': address of dllimport 'CreateFileMappingW' is not static
  c:\program files (x86)\windows kits\8.1\include\um\memoryapi.h(243): note: see declaration of 'CreateFileMappingW'
d:\documents-(d)\hbo-ict\jaar2\blok b\git\game_development\software\maingame\src\sqlite3.c(38057): error C2322: 'pCurrent': address of dllimport 'CreateMutexW' is not static
  c:\program files (x86)\windows kits\8.1\include\um\synchapi.h(545): note: see declaration of 'CreateMutexW'
d:\documents-(d)\hbo-ict\jaar2\blok b\git\game_development\software\maingame\src\sqlite3.c(38066): error C2322: 'pCurrent': address of dllimport 'DeleteFileA' is not static
  c:\program files (x86)\windows kits\8.1\include\um\fileapi.h(175): note: see declaration of 'DeleteFileA'
d:\documents-(d)\hbo-ict\jaar2\blok b\git\game_development\software\maingame\src\sqlite3.c(38074): error C2322: 'pCurrent': address of dllimport 'DeleteFileW' is not static
  c:\program files (x86)\windows kits\8.1\include\um\fileapi.h(182): note: see declaration of 'DeleteFileW'
d:\documents-(d)\hbo-ict\jaar2\blok b\git\game_development\software\maingame\src\sqlite3.c(38099): error C2322: 'pCurrent': address of dllimport 'FlushFileBuffers' is not static
  c:\program files (x86)\windows kits\8.1\include\um\fileapi.h(437): note: see declaration of 'FlushFileBuffers'
d:\documents-(d)\hbo-ict\jaar2\blok b\git\game_development\software\maingame\src\sqlite3.c(38104): error C2322: 'pCurrent': address of dllimport 'FormatMessageA' is not static
  c:\program files (x86)\windows kits\8.1\include\um\winbase.h(2329): note: see declaration of 'FormatMessageA'
d:\documents-(d)\hbo-ict\jaar2\blok b\git\game_development\software\maingame\src\sqlite3.c(38113): error C2322: 'pCurrent': address of dllimport 'FormatMessageW' is not static
  c:\program files (x86)\windows kits\8.1\include\um\winbase.h(2342): note: see declaration of 'FormatMessageW'
d:\documents-(d)\hbo-ict\jaar2\blok b\git\game_development\software\maingame\src\sqlite3.c(38122): error C2322: 'pCurrent': address of dllimport 'FreeLibrary' is not static
  c:\program files (x86)\windows kits\8.1\include\um\libloaderapi.h(213): note: see declaration of 'FreeLibrary'
d:\documents-(d)\hbo-ict\jaar2\blok b\git\game_development\software\maingame\src\sqlite3.c(38129): error C2322: 'pCurrent': address of dllimport 'GetCurrentProcessId' is not static
  c:\program files (x86)\windows kits\8.1\include\um\processthreadsapi.h(153): note: see declaration of 'GetCurrentProcessId'
d:\documents-(d)\hbo-ict\jaar2\blok b\git\game_development\software\maingame\src\sqlite3.c(38134): error C2322: 'pCurrent': address of dllimport 'GetDiskFreeSpaceA' is not static
  c:\program files (x86)\windows kits\8.1\include\um\fileapi.h(452): note: see declaration of 'GetDiskFreeSpaceA'
d:\documents-(d)\hbo-ict\jaar2\blok b\git\game_development\software\maingame\src\sqlite3.c(38143): error C2322: 'pCurrent': address of dllimport 'GetDiskFreeSpaceW' is not static
  c:\program files (x86)\windows kits\8.1\include\um\fileapi.h(463): note: see declaration of 'GetDiskFreeSpaceW'
d:\documents-(d)\hbo-ict\jaar2\blok b\git\game_development\software\maingame\src\sqlite3.c(38152): error C2322: 'pCurrent': address of dllimport 'GetFileAttributesA' is not static
  c:\program files (x86)\windows kits\8.1\include\um\fileapi.h(540): note: see declaration of 'GetFileAttributesA'
d:\documents-(d)\hbo-ict\jaar2\blok b\git\game_development\software\maingame\src\sqlite3.c(38160): error C2322: 'pCurrent': address of dllimport 'GetFileAttributesW' is not static
  c:\program files (x86)\windows kits\8.1\include\um\fileapi.h(547): note: see declaration of 'GetFileAttributesW'
d:\documents-(d)\hbo-ict\jaar2\blok b\git\game_development\software\maingame\src\sqlite3.c(38168): error C2322: 'pCurrent': address of dllimport 'GetFileAttributesExW' is not static
  c:\program files (x86)\windows kits\8.1\include\um\fileapi.h(592): note: see declaration of 'GetFileAttributesExW'
d:\documents-(d)\hbo-ict\jaar2\blok b\git\game_development\software\maingame\src\sqlite3.c(38177): error C2322: 'pCurrent': address of dllimport 'GetFileSize' is not static
  c:\program files (x86)\windows kits\8.1\include\um\fileapi.h(636): note: see declaration of 'GetFileSize'
d:\documents-(d)\hbo-ict\jaar2\blok b\git\game_development\software\maingame\src\sqlite3.c(38185): error C2322: 'pCurrent': address of dllimport 'GetFullPathNameA' is not static
  c:\program files (x86)\windows kits\8.1\include\um\fileapi.h(705): note: see declaration of 'GetFullPathNameA'
d:\documents-(d)\hbo-ict\jaar2\blok b\git\game_development\software\maingame\src\sqlite3.c(38194): error C2322: 'pCurrent': address of dllimport 'GetFullPathNameW' is not static
  c:\program files (x86)\windows kits\8.1\include\um\fileapi.h(716): note: see declaration of 'GetFullPathNameW'
d:\documents-(d)\hbo-ict\jaar2\blok b\git\game_development\software\maingame\src\sqlite3.c(38202): error C2322: 'pCurrent': address of dllimport 'GetLastError' is not static
  c:\program files (x86)\windows kits\8.1\include\um\errhandlingapi.h(118): note: see declaration of 'GetLastError'
d:\documents-(d)\hbo-ict\jaar2\blok b\git\game_development\software\maingame\src\sqlite3.c(38213): error C2322: 'pCurrent': address of dllimport 'GetProcAddress' is not static
  c:\program files (x86)\windows kits\8.1\include\um\libloaderapi.h(360): note: see declaration of 'GetProcAddress'
d:\documents-(d)\hbo-ict\jaar2\blok b\git\game_development\software\maingame\src\sqlite3.c(38223): error C2322: 'pCurrent': address of dllimport 'GetSystemInfo' is not static
  c:\program files (x86)\windows kits\8.1\include\um\sysinfoapi.h(184): note: see declaration of 'GetSystemInfo'
d:\documents-(d)\hbo-ict\jaar2\blok b\git\game_development\software\maingame\src\sqlite3.c(38230): error C2322: 'pCurrent': address of dllimport 'GetSystemTime' is not static
  c:\program files (x86)\windows kits\8.1\include\um\sysinfoapi.h(145): note: see declaration of 'GetSystemTime'
d:\documents-(d)\hbo-ict\jaar2\blok b\git\game_development\software\maingame\src\sqlite3.c(38235): error C2322: 'pCurrent': address of dllimport 'GetSystemTimeAsFileTime' is not static
  c:\program files (x86)\windows kits\8.1\include\um\sysinfoapi.h(153): note: see declaration of 'GetSystemTimeAsFileTime'
d:\documents-(d)\hbo-ict\jaar2\blok b\git\game_development\software\maingame\src\sqlite3.c(38244): error C2322: 'pCurrent': address of dllimport 'GetTempPathA' is not static
  c:\program files (x86)\windows kits\8.1\include\um\winbase.h(4414): note: see declaration of 'GetTempPathA'
d:\documents-(d)\hbo-ict\jaar2\blok b\git\game_development\software\maingame\src\sqlite3.c(38252): error C2322: 'pCurrent': address of dllimport 'GetTempPathW' is not static
  c:\program files (x86)\windows kits\8.1\include\um\fileapi.h(1206): note: see declaration of 'GetTempPathW'
d:\documents-(d)\hbo-ict\jaar2\blok b\git\game_development\software\maingame\src\sqlite3.c(38260): error C2322: 'pCurrent': address of dllimport 'GetTickCount' is not static
  c:\program files (x86)\windows kits\8.1\include\um\sysinfoapi.h(203): note: see declaration of 'GetTickCount'
d:\documents-(d)\hbo-ict\jaar2\blok b\git\game_development\software\maingame\src\sqlite3.c(38286): error C2322: 'pCurrent': address of dllimport 'HeapAlloc' is not static
  c:\program files (x86)\windows kits\8.1\include\um\heapapi.h(97): note: see declaration of 'HeapAlloc'
d:\documents-(d)\hbo-ict\jaar2\blok b\git\game_development\software\maingame\src\sqlite3.c(38292): error C2322: 'pCurrent': address of dllimport 'HeapCreate' is not static
  c:\program files (x86)\windows kits\8.1\include\um\heapapi.h(70): note: see declaration of 'HeapCreate'
d:\documents-(d)\hbo-ict\jaar2\blok b\git\game_development\software\maingame\src\sqlite3.c(38301): error C2322: 'pCurrent': address of dllimport 'HeapDestroy' is not static
  c:\program files (x86)\windows kits\8.1\include\um\heapapi.h(80): note: see declaration of 'HeapDestroy'
d:\documents-(d)\hbo-ict\jaar2\blok b\git\game_development\software\maingame\src\sqlite3.c(38308): error C2322: 'pCurrent': address of dllimport 'HeapFree' is not static
  c:\program files (x86)\windows kits\8.1\include\um\heapapi.h(122): note: see declaration of 'HeapFree'
d:\documents-(d)\hbo-ict\jaar2\blok b\git\game_development\software\maingame\src\sqlite3.c(38312): error C2322: 'pCurrent': address of dllimport 'HeapReAlloc' is not static
  c:\program files (x86)\windows kits\8.1\include\um\heapapi.h(110): note: see declaration of 'HeapReAlloc'
d:\documents-(d)\hbo-ict\jaar2\blok b\git\game_development\software\maingame\src\sqlite3.c(38317): error C2322: 'pCurrent': address of dllimport 'HeapSize' is not static
  c:\program files (x86)\windows kits\8.1\include\um\heapapi.h(132): note: see declaration of 'HeapSize'
d:\documents-(d)\hbo-ict\jaar2\blok b\git\game_development\software\maingame\src\sqlite3.c(38323): error C2322: 'pCurrent': address of dllimport 'HeapValidate' is not static
  c:\program files (x86)\windows kits\8.1\include\um\heapapi.h(149): note: see declaration of 'HeapValidate'
d:\documents-(d)\hbo-ict\jaar2\blok b\git\game_development\software\maingame\src\sqlite3.c(38332): error C2322: 'pCurrent': address of dllimport 'HeapCompact' is not static
  c:\program files (x86)\windows kits\8.1\include\um\heapapi.h(159): note: see declaration of 'HeapCompact'
d:\documents-(d)\hbo-ict\jaar2\blok b\git\game_development\software\maingame\src\sqlite3.c(38340): error C2322: 'pCurrent': address of dllimport 'LoadLibraryA' is not static
  c:\program files (x86)\windows kits\8.1\include\um\winbase.h(3179): note: see declaration of 'LoadLibraryA'
d:\documents-(d)\hbo-ict\jaar2\blok b\git\game_development\software\maingame\src\sqlite3.c(38349): error C2322: 'pCurrent': address of dllimport 'LoadLibraryW' is not static
  c:\program files (x86)\windows kits\8.1\include\um\winbase.h(3186): note: see declaration of 'LoadLibraryW'
d:\documents-(d)\hbo-ict\jaar2\blok b\git\game_development\software\maingame\src\sqlite3.c(38357): error C2322: 'pCurrent': address of dllimport 'LocalFree' is not static
  c:\program files (x86)\windows kits\8.1\include\um\winbase.h(1096): note: see declaration of 'LocalFree'
d:\documents-(d)\hbo-ict\jaar2\blok b\git\game_development\software\maingame\src\sqlite3.c(38365): error C2322: 'pCurrent': address of dllimport 'LockFile' is not static
  c:\program files (x86)\windows kits\8.1\include\um\fileapi.h(871): note: see declaration of 'LockFile'
d:\documents-(d)\hbo-ict\jaar2\blok b\git\game_development\software\maingame\src\sqlite3.c(38376): error C2322: 'pCurrent': address of dllimport 'LockFileEx' is not static
  c:\program files (x86)\windows kits\8.1\include\um\fileapi.h(890): note: see declaration of 'LockFileEx'
d:\documents-(d)\hbo-ict\jaar2\blok b\git\game_development\software\maingame\src\sqlite3.c(38388): error C2322: 'pCurrent': address of dllimport 'MapViewOfFile' is not static
  c:\program files (x86)\windows kits\8.1\include\um\memoryapi.h(276): note: see declaration of 'MapViewOfFile'
d:\documents-(d)\hbo-ict\jaar2\blok b\git\game_development\software\maingame\src\sqlite3.c(38396): error C2322: 'pCurrent': address of dllimport 'MultiByteToWideChar' is not static
  c:\program files (x86)\windows kits\8.1\include\um\stringapiset.h(154): note: see declaration of 'MultiByteToWideChar'
d:\documents-(d)\hbo-ict\jaar2\blok b\git\game_development\software\maingame\src\sqlite3.c(38401): error C2322: 'pCurrent': address of dllimport 'QueryPerformanceCounter' is not static
  c:\program files (x86)\windows kits\8.1\include\um\profileapi.h(42): note: see declaration of 'QueryPerformanceCounter'
d:\documents-(d)\hbo-ict\jaar2\blok b\git\game_development\software\maingame\src\sqlite3.c(38406): error C2322: 'pCurrent': address of dllimport 'ReadFile' is not static
  c:\program files (x86)\windows kits\8.1\include\um\fileapi.h(932): note: see declaration of 'ReadFile'
d:\documents-(d)\hbo-ict\jaar2\blok b\git\game_development\software\maingame\src\sqlite3.c(38406): fatal error C1003: error count exceeds 100; stopping compilation
