c:\users\rik\documents\projectblok2\gameproject\gameproject_ti2\software\maingame\bin\x64\debug\vc140.pdb
c:\users\rik\documents\projectblok2\gameproject\gameproject_ti2\software\maingame\bin\x64\debug\vc140.idb
c:\users\rik\documents\projectblok2\gameproject\gameproject_ti2\software\maingame\bin\x64\debug\ability.obj
c:\users\rik\documents\projectblok2\gameproject\gameproject_ti2\software\maingame\bin\x64\debug\button_actions.obj
c:\users\rik\documents\projectblok2\gameproject\gameproject_ti2\software\maingame\bin\x64\debug\leveleditor.obj
c:\users\rik\documents\projectblok2\gameproject\gameproject_ti2\software\maingame\bin\x64\debug\main.obj
c:\users\rik\documents\projectblok2\gameproject\gameproject_ti2\software\maingame\bin\x64\debug\main_menu.obj
c:\users\rik\documents\projectblok2\gameproject\gameproject_ti2\software\maingame\bin\x64\debug\npc.obj
c:\users\rik\documents\projectblok2\gameproject\gameproject_ti2\software\maingame\bin\x64\debug\objects.obj
c:\users\rik\documents\projectblok2\gameproject\gameproject_ti2\software\maingame\bin\x64\debug\sprite.obj
c:\users\rik\documents\projectblok2\gameproject\gameproject_ti2\software\maingame\bin\x64\debug\sql.obj
c:\users\rik\documents\projectblok2\gameproject\gameproject_ti2\software\maingame\bin\x64\debug\tile.obj
c:\users\rik\documents\projectblok2\gameproject\gameproject_ti2\software\maingame\bin\x64\debug\sqlite3.obj
c:\users\rik\documents\projectblok2\gameproject\gameproject_ti2\software\maingame\bin\_sql.ilk
c:\users\rik\documents\projectblok2\gameproject\gameproject_ti2\software\maingame\bin\_sql.exe
c:\users\rik\documents\projectblok2\gameproject\gameproject_ti2\software\maingame\bin\_sql.pdb
c:\users\rik\documents\projectblok2\gameproject\gameproject_ti2\software\maingame\bin\x64\debug\main.obj.enc
c:\users\rik\documents\projectblok2\gameproject\gameproject_ti2\software\maingame\project\_sql\..\..\bin\_sql.exe
c:\users\rik\documents\projectblok2\gameproject\gameproject_ti2\software\maingame\bin\x64\debug\_sql.tlog\cl.command.1.tlog
c:\users\rik\documents\projectblok2\gameproject\gameproject_ti2\software\maingame\bin\x64\debug\_sql.tlog\cl.read.1.tlog
c:\users\rik\documents\projectblok2\gameproject\gameproject_ti2\software\maingame\bin\x64\debug\_sql.tlog\cl.write.1.tlog
c:\users\rik\documents\projectblok2\gameproject\gameproject_ti2\software\maingame\bin\x64\debug\_sql.tlog\link.command.1.tlog
c:\users\rik\documents\projectblok2\gameproject\gameproject_ti2\software\maingame\bin\x64\debug\_sql.tlog\link.read.1.tlog
c:\users\rik\documents\projectblok2\gameproject\gameproject_ti2\software\maingame\bin\x64\debug\_sql.tlog\link.write.1.tlog
