d:\documents-(d)\hbo-ict\jaar2\blok b\gameing project2\gaming_project_workspace\save_and_load_background\debug\vc140.pdb
d:\documents-(d)\hbo-ict\jaar2\blok b\gameing project2\gaming_project_workspace\save_and_load_background\debug\vc140.idb
d:\documents-(d)\hbo-ict\jaar2\blok b\gameing project2\gaming_project_workspace\save_and_load_background\debug\background.obj
d:\documents-(d)\hbo-ict\jaar2\blok b\gameing project2\gaming_project_workspace\save_and_load_background\debug\file_reading_operators.obj
d:\documents-(d)\hbo-ict\jaar2\blok b\gameing project2\gaming_project_workspace\save_and_load_background\debug\main.obj
d:\documents-(d)\hbo-ict\jaar2\blok b\gameing project2\gaming_project_workspace\save_and_load_background\debug\rectangle.obj
d:\documents-(d)\hbo-ict\jaar2\blok b\gaming project\gameproject\software\gaming_project_workspace\save_and_load_background\debug\vc140.pdb
d:\documents-(d)\hbo-ict\jaar2\blok b\gaming project\gameproject\software\gaming_project_workspace\save_and_load_background\debug\vc140.idb
d:\documents-(d)\hbo-ict\jaar2\blok b\gaming project\gameproject\software\gaming_project_workspace\save_and_load_background\debug\background.obj
d:\documents-(d)\hbo-ict\jaar2\blok b\gaming project\gameproject\software\gaming_project_workspace\save_and_load_background\debug\file_reading_operators.obj
d:\documents-(d)\hbo-ict\jaar2\blok b\gaming project\gameproject\software\gaming_project_workspace\save_and_load_background\debug\main.obj
d:\documents-(d)\hbo-ict\jaar2\blok b\gaming project\gameproject\software\gaming_project_workspace\save_and_load_background\debug\rectangle.obj
d:\documents-(d)\hbo-ict\jaar2\blok b\gaming project\gameproject\software\gaming_project_workspace\save_and_load_background\debug\level.obj
d:\documents-(d)\hbo-ict\jaar2\blok b\gameing project2\gaming_project_workspace\debug\save_and_load_background.ilk
d:\documents-(d)\hbo-ict\jaar2\blok b\gameing project2\gaming_project_workspace\debug\save_and_load_background.exe
d:\documents-(d)\hbo-ict\jaar2\blok b\gameing project2\gaming_project_workspace\debug\save_and_load_background.pdb
d:\documents-(d)\hbo-ict\jaar2\blok b\gaming project\gameproject\software\gaming_project_workspace\debug\save_and_load_background.ilk
d:\documents-(d)\hbo-ict\jaar2\blok b\gaming project\gameproject\software\gaming_project_workspace\debug\save_and_load_background.exe
d:\documents-(d)\hbo-ict\jaar2\blok b\gaming project\gameproject\software\gaming_project_workspace\debug\save_and_load_background.pdb
d:\documents-(d)\hbo-ict\jaar2\blok b\gaming project\gameproject\software\gaming_project_workspace\save_and_load_background\debug\save_and.d60e5c8f.tlog\cl.command.1.tlog
d:\documents-(d)\hbo-ict\jaar2\blok b\gaming project\gameproject\software\gaming_project_workspace\save_and_load_background\debug\save_and.d60e5c8f.tlog\cl.read.1.tlog
d:\documents-(d)\hbo-ict\jaar2\blok b\gaming project\gameproject\software\gaming_project_workspace\save_and_load_background\debug\save_and.d60e5c8f.tlog\cl.write.1.tlog
d:\documents-(d)\hbo-ict\jaar2\blok b\gaming project\gameproject\software\gaming_project_workspace\save_and_load_background\debug\save_and.d60e5c8f.tlog\link.command.1.tlog
d:\documents-(d)\hbo-ict\jaar2\blok b\gaming project\gameproject\software\gaming_project_workspace\save_and_load_background\debug\save_and.d60e5c8f.tlog\link.read.1.tlog
d:\documents-(d)\hbo-ict\jaar2\blok b\gaming project\gameproject\software\gaming_project_workspace\save_and_load_background\debug\save_and.d60e5c8f.tlog\link.write.1.tlog
